<?xml version="1.0" encoding="UTF-8"?>
<!-- Generated by org.testng.reporters.JUnitReportReporter -->
<testsuite hostname="LAPTOP-A0RISGTB" failures="0" tests="1" name="clase4.Cuatro_Uno" time="16.274" errors="0" timestamp="2024-01-18T21:36:05 ART" skipped="0">
  <testcase classname="clase4.Cuatro_Uno" name="Ej1_2" time="16.274"/>
</testsuite> <!-- clase4.Cuatro_Uno -->
