<?xml version="1.0" encoding="UTF-8"?>
<!-- Generated by org.testng.reporters.JUnitReportReporter -->
<testsuite hostname="LAPTOP-A0RISGTB" failures="0" tests="1" name="clase6.CambiosSelenium4" time="0.173" errors="0" timestamp="2024-01-25T20:53:51 ART" skipped="0">
  <testcase classname="clase6.CambiosSelenium4" name="screenshotImage" time="0.173"/>
</testsuite> <!-- clase6.CambiosSelenium4 -->
