<?xml version="1.0" encoding="UTF-8"?>
<!-- Generated by org.testng.reporters.JUnitReportReporter -->
<testsuite hostname="LAPTOP-A0RISGTB" failures="0" tests="1" name="clase4.EtapaCuatro_Cuatro" time="0.014" errors="0" timestamp="2024-01-18T21:59:56 ART" skipped="0">
  <testcase classname="clase4.EtapaCuatro_Cuatro" name="prueba" time="0.014"/>
</testsuite> <!-- clase4.EtapaCuatro_Cuatro -->
