<?xml version="1.0" encoding="UTF-8"?>
<!-- Generated by org.testng.reporters.JUnitReportReporter -->
<testsuite hostname="LAPTOP-A0RISGTB" failures="0" tests="2" name="clase4.CrossBrowserTest" time="1.262" errors="0" timestamp="2024-01-18T21:46:59 ART" skipped="0">
  <testcase classname="clase4.CrossBrowserTest" name="searchItem" time="0.115"/>
  <testcase classname="clase4.CrossBrowserTest" name="searchItem" time="1.147"/>
</testsuite> <!-- clase4.CrossBrowserTest -->
