<?xml version="1.0" encoding="UTF-8"?>
<!-- Generated by org.testng.reporters.JUnitReportReporter -->
<testsuite hostname="LAPTOP-A0RISGTB" failures="0" tests="1" name="Clase5.UploadFiles" time="5.219" errors="0" timestamp="2024-01-22T21:40:40 ART" skipped="0">
  <testcase classname="Clase5.UploadFiles" name="downloadFileTest" time="5.219"/>
</testsuite> <!-- Clase5.UploadFiles -->
