<?xml version="1.0" encoding="UTF-8"?>
<!-- Generated by org.testng.reporters.JUnitReportReporter -->
<testsuite hostname="LAPTOP-A0RISGTB" failures="0" tests="1" name="clase1.Uno_uno" time="7.453" errors="0" timestamp="2024-01-18T21:37:13 ART" skipped="0">
  <testcase classname="clase1.Uno_uno" name="Ej1_2" time="7.453"/>
</testsuite> <!-- clase1.Uno_uno -->
