<?xml version="1.0" encoding="UTF-8"?>
<!-- Generated by org.testng.reporters.JUnitReportReporter -->
<testsuite hostname="LAPTOP-A0RISGTB" failures="0" tests="3" name="clase3.Anotaciones" time="0.013" errors="0" timestamp="2024-01-18T21:47:46 ART" skipped="0">
  <testcase classname="clase3.Anotaciones" name="secondTest" time="0.007"/>
  <testcase classname="clase3.Anotaciones" name="thirdtTest" time="0.003"/>
  <testcase classname="clase3.Anotaciones" name="firstTest" time="0.003"/>
</testsuite> <!-- clase3.Anotaciones -->
