<?xml version="1.0" encoding="UTF-8"?>
<!-- Generated by org.testng.reporters.JUnitReportReporter -->
<testsuite hostname="LAPTOP-A0RISGTB" failures="0" tests="1" name="Clase5.ManejoTablas" time="5.061" errors="0" timestamp="2024-01-22T21:19:48 ART" skipped="0">
  <testcase classname="Clase5.ManejoTablas" name="tablaTest" time="5.061"/>
</testsuite> <!-- Clase5.ManejoTablas -->
