<?xml version="1.0" encoding="UTF-8"?>
<!-- Generated by org.testng.reporters.JUnitReportReporter -->
<testsuite hostname="LAPTOP-A0RISGTB" failures="0" tests="1" name="Clase5.DownloadFiles" time="48.134" errors="0" timestamp="2024-01-22T20:38:51 ART" skipped="0">
  <testcase classname="Clase5.DownloadFiles" name="downloadFileTest" time="48.134"/>
</testsuite> <!-- Clase5.DownloadFiles -->
