<?xml version="1.0" encoding="UTF-8"?>
<!-- Generated by org.testng.reporters.JUnitReportReporter -->
<testsuite hostname="LAPTOP-A0RISGTB" failures="0" tests="1" name="Clase5.ManejoDeAlertas" time="14.014" errors="0" timestamp="2024-01-22T21:05:39 ART" skipped="0">
  <testcase classname="Clase5.ManejoDeAlertas" name="alertasConEsperaTest" time="14.014"/>
</testsuite> <!-- Clase5.ManejoDeAlertas -->
