<?xml version="1.0" encoding="UTF-8"?>
<!-- Generated by org.testng.reporters.JUnitReportReporter -->
<testsuite hostname="LAPTOP-A0RISGTB" failures="0" tests="1" name="Clase5.EjemplosListaArreglos" time="2.906" errors="0" timestamp="2024-01-22T19:05:57 ART" skipped="0">
  <testcase classname="Clase5.EjemplosListaArreglos" name="listas" time="2.906"/>
</testsuite> <!-- Clase5.EjemplosListaArreglos -->
