<?xml version="1.0" encoding="UTF-8"?>
<!-- Generated by org.testng.reporters.JUnitReportReporter -->
<testsuite hostname="LAPTOP-A0RISGTB" failures="0" tests="3" name="Clase5.test.InicioSesionExitoso" time="32.800" errors="0" timestamp="2024-01-22T19:52:55 ART" skipped="0">
  <testcase classname="Clase5.test.InicioSesionExitoso" name="inicioSesionValidoExcel" time="10.807"/>
  <testcase classname="Clase5.test.InicioSesionExitoso" name="inicioSesionValidoExcel" time="11.360"/>
  <testcase classname="Clase5.test.InicioSesionExitoso" name="inicioSesionValidoExcel" time="10.633"/>
</testsuite> <!-- Clase5.test.InicioSesionExitoso -->
