<?xml version="1.0" encoding="UTF-8"?>
<!-- Generated by org.testng.reporters.JUnitReportReporter -->
<testsuite hostname="LAPTOP-A0RISGTB" failures="0" tests="1" name="clase4.Ejemplo" time="28.174" errors="0" timestamp="2024-01-18T20:19:04 ART" skipped="0">
  <testcase classname="clase4.Ejemplo" name="registrationTest" time="28.174"/>
</testsuite> <!-- clase4.Ejemplo -->
