<?xml version="1.0" encoding="UTF-8"?>
<!-- Generated by org.testng.reporters.JUnitReportReporter -->
<testsuite hostname="LAPTOP-A0RISGTB" failures="0" tests="1" name="clase6.Database" time="0.062" errors="0" timestamp="2024-01-22T21:57:30 ART" skipped="0">
  <testcase classname="clase6.Database" name="dbInsertTest" time="0.062"/>
</testsuite> <!-- clase6.Database -->
