<?xml version="1.0" encoding="UTF-8"?>
<!-- Generated by org.testng.reporters.JUnitReportReporter -->
<testsuite hostname="LAPTOP-A0RISGTB" failures="0" tests="1" name="clase6.CapabilitiesExample" time="1.149" errors="0" timestamp="2024-01-25T19:21:15 ART" skipped="0">
  <testcase classname="clase6.CapabilitiesExample" name="searchItem" time="1.149"/>
</testsuite> <!-- clase6.CapabilitiesExample -->
