<?xml version="1.0" encoding="UTF-8"?>
<!-- Generated by org.testng.reporters.JUnitReportReporter -->
<testsuite hostname="LAPTOP-A0RISGTB" failures="0" tests="3" name="Clase5.test.InicioSesion" time="31.758" errors="0" timestamp="2024-01-22T21:31:26 ART" skipped="0">
  <testcase classname="Clase5.test.InicioSesion" name="inicioSesionInValido" time="10.314"/>
  <testcase classname="Clase5.test.InicioSesion" name="inicioSesionInValido" time="10.464"/>
  <testcase classname="Clase5.test.InicioSesion" name="inicioSesionInValido" time="10.980"/>
</testsuite> <!-- Clase5.test.InicioSesion -->
